<?xml version="1.0" encoding="UTF-8" ?>
<testsuite tests="0" failures="0" name="test.SoapUiTest" time="0" errors="0" skipped="0">
  <properties>
    <property name="java.runtime.name" value="Java(TM) SE Runtime Environment"/>
    <property name="sun.boot.library.path" value="C:\Program Files (x86)\Java\jdk1.8.0_181\jre\bin"/>
    <property name="java.vm.version" value="25.181-b13"/>
    <property name="java.vm.vendor" value="Oracle Corporation"/>
    <property name="maven.multiModuleProjectDirectory" value="C:\Users\Natarajan Ramanathan\.jenkins\workspace\soapui"/>
    <property name="java.vendor.url" value="http://java.oracle.com/"/>
    <property name="path.separator" value=";"/>
    <property name="guice.disable.misplaced.annotation.check" value="true"/>
    <property name="java.vm.name" value="Java HotSpot(TM) Client VM"/>
    <property name="file.encoding.pkg" value="sun.io"/>
    <property name="user.script" value=""/>
    <property name="user.country" value="US"/>
    <property name="sun.java.launcher" value="SUN_STANDARD"/>
    <property name="sun.os.patch.level" value=""/>
    <property name="java.vm.specification.name" value="Java Virtual Machine Specification"/>
    <property name="user.dir" value="E:\"/>
    <property name="java.runtime.version" value="1.8.0_181-b13"/>
    <property name="java.awt.graphicsenv" value="sun.awt.Win32GraphicsEnvironment"/>
    <property name="java.endorsed.dirs" value="C:\Program Files (x86)\Java\jdk1.8.0_181\jre\lib\endorsed"/>
    <property name="os.arch" value="x86"/>
    <property name="java.io.tmpdir" value="C:\Users\NATARA~2\AppData\Local\Temp\"/>
    <property name="line.separator" value="
"/>
    <property name="java.vm.specification.vendor" value="Oracle Corporation"/>
    <property name="user.variant" value=""/>
    <property name="os.name" value="Windows 10"/>
    <property name="classworlds.conf" value="C:\Users\Natarajan Ramanathan\.jenkins\tools\hudson.tasks.Maven_MavenInstallation\maven3.6\bin\..\bin\m2.conf"/>
    <property name="sun.jnu.encoding" value="Cp1252"/>
    <property name="java.library.path" value="C:\Program Files (x86)\Java\jdk1.8.0_181\bin;C:\WINDOWS\Sun\Java\bin;C:\WINDOWS\system32;C:\WINDOWS;C:\Users\Natarajan Ramanathan\.jenkins\tools\hudson.tasks.Maven_MavenInstallation\maven3.6/bin;C:\WINDOWS\system32;C:\WINDOWS;C:\WINDOWS\System32\Wbem;C:\WINDOWS\System32\WindowsPowerShell\v1.0\;C:\Program Files\Java\jdk1.8.0_144\bin;C:\mvn\apache-maven-3.5.0\bin;C:\Android\sdk\platform-tools;C:\Program Files\Git\cmd;C:\Users\Natarajan Ramanathan\Downloads\apache-ant-1.10.1\bin;C:\Program Files\PuTTY\;C:\Program Files\nodejs\;C:\Android\sdk\tools\bin;C:\WINDOWS\SysWOW64;C:\WINDOWS\System32;C:\WINDOWS\SysWOW64\wbem;C:\WINDOWS\System32\wbem;C:\WINDOWS\SysWOW64\WindowsPowerShell\v1.0\;C:\WINDOWS\System32\WindowsPowerShell\v1.0\;C:\WINDOWS\;C:\WINDOWS\System32\OpenSSH\;C:\Program Files\dotnet\;C:\Program Files\Microsoft VS Code\bin;C:\Users\Natarajan Ramanathan\AppData\Local\Programs\Python\Python37-32;C:\Users\Natarajan Ramanathan\Desktop\drivers;C:\Program Files\MySQL\MySQL Utilities 1.6\;C:\Program Files\Microsoft SQL Server\130\Tools\Binn\;C:\Program Files\Microsoft SQL Server\Client SDK\ODBC\170\Tools\Binn\;C:\Ruby25-x64\bin;C:\Users\Natarajan Ramanathan\AppData\Local\Programs\Python\Python37-32\Scripts\;C:\Users\Natarajan Ramanathan\AppData\Local\Programs\Python\Python37-32\;C:\Users\Natarajan Ramanathan\Anaconda3;C:\Users\Natarajan Ramanathan\Anaconda3\Library\mingw-w64\bin;C:\Users\Natarajan Ramanathan\Anaconda3\Library\usr\bin;C:\Users\Natarajan Ramanathan\Anaconda3\Library\bin;C:\Users\Natarajan Ramanathan\Anaconda3\Scripts;C:\Ruby23-x64\bin;C:\Users\Natarajan Ramanathan\AppData\Local\Microsoft\WindowsApps;C:\Users\Natarajan Ramanathan\AppData\Local\GitHubDesktop\bin;C:\Users\Natarajan Ramanathan\AppData\Roaming\npm;C:\Users\Natarajan Ramanathan\AppData\Local\Microsoft\WindowsApps;C:\Program Files\Microsoft VS Code\bin;C:\Android\sdk\tools;C:\Users\Natarajan Ramanathan\AppData\Local\Google\Cloud SDK\google-cloud-sdk\bin;C:\Program Files\JetBrains\RubyMine 2018.3.1\bin;;."/>
    <property name="maven.conf" value="C:\Users\Natarajan Ramanathan\.jenkins\tools\hudson.tasks.Maven_MavenInstallation\maven3.6\bin\../conf"/>
    <property name="java.specification.name" value="Java Platform API Specification"/>
    <property name="java.class.version" value="52.0"/>
    <property name="sun.management.compiler" value="HotSpot Client Compiler"/>
    <property name="os.version" value="10.0"/>
    <property name="library.jansi.path" value="C:\Users\Natarajan Ramanathan\.jenkins\tools\hudson.tasks.Maven_MavenInstallation\maven3.6\bin\..\lib\jansi-native"/>
    <property name="user.home" value="C:\Users\Natarajan Ramanathan"/>
    <property name="user.timezone" value="Asia/Calcutta"/>
    <property name="java.awt.printerjob" value="sun.awt.windows.WPrinterJob"/>
    <property name="java.specification.version" value="1.8"/>
    <property name="file.encoding" value="Cp1252"/>
    <property name="user.name" value="Natarajan Ramanathan"/>
    <property name="java.class.path" value="C:\Users\Natarajan Ramanathan\.jenkins\tools\hudson.tasks.Maven_MavenInstallation\maven3.6\bin\..\boot\plexus-classworlds-2.6.0.jar"/>
    <property name="java.vm.specification.version" value="1.8"/>
    <property name="sun.arch.data.model" value="32"/>
    <property name="java.home" value="C:\Program Files (x86)\Java\jdk1.8.0_181\jre"/>
    <property name="sun.java.command" value="org.codehaus.plexus.classworlds.launcher.Launcher -f E:\VodafoneSoap\JavaSoapUi\pom.xml test"/>
    <property name="java.specification.vendor" value="Oracle Corporation"/>
    <property name="user.language" value="en"/>
    <property name="awt.toolkit" value="sun.awt.windows.WToolkit"/>
    <property name="java.vm.info" value="mixed mode"/>
    <property name="java.version" value="1.8.0_181"/>
    <property name="java.ext.dirs" value="C:\Program Files (x86)\Java\jdk1.8.0_181\jre\lib\ext;C:\WINDOWS\Sun\Java\lib\ext"/>
    <property name="sun.boot.class.path" value="C:\Program Files (x86)\Java\jdk1.8.0_181\jre\lib\resources.jar;C:\Program Files (x86)\Java\jdk1.8.0_181\jre\lib\rt.jar;C:\Program Files (x86)\Java\jdk1.8.0_181\jre\lib\sunrsasign.jar;C:\Program Files (x86)\Java\jdk1.8.0_181\jre\lib\jsse.jar;C:\Program Files (x86)\Java\jdk1.8.0_181\jre\lib\jce.jar;C:\Program Files (x86)\Java\jdk1.8.0_181\jre\lib\charsets.jar;C:\Program Files (x86)\Java\jdk1.8.0_181\jre\lib\jfr.jar;C:\Program Files (x86)\Java\jdk1.8.0_181\jre\classes"/>
    <property name="java.vendor" value="Oracle Corporation"/>
    <property name="maven.home" value="C:\Users\Natarajan Ramanathan\.jenkins\tools\hudson.tasks.Maven_MavenInstallation\maven3.6\bin\.."/>
    <property name="file.separator" value="\"/>
    <property name="java.vendor.url.bug" value="http://bugreport.sun.com/bugreport/"/>
    <property name="sun.cpu.endian" value="little"/>
    <property name="sun.io.unicode.encoding" value="UnicodeLittle"/>
    <property name="sun.desktop" value="windows"/>
    <property name="sun.cpu.isalist" value="pentium_pro+mmx pentium_pro pentium+mmx pentium i486 i386 i86"/>
  </properties>
</testsuite>